[01:08:06] [main/WARN]: Ambiguity between arguments [teleport, location] and [teleport, destination] with inputs: [0.1 -0.5 .9, 0 0 0]
[01:08:07] [main/WARN]: Ambiguity between arguments [teleport, location] and [teleport, targets] with inputs: [0.1 -0.5 .9, 0 0 0]
[01:08:07] [main/WARN]: Ambiguity between arguments [teleport, targets] and [teleport, destination] with inputs: [Player, 0123, dd12be42-52a9-4a91-a8a1-11c01849e498]
[01:08:07] [main/WARN]: Ambiguity between arguments [teleport, targets, location] and [teleport, targets, destination] with inputs: [0.1 -0.5 .9, 0 0 0]
[01:08:08] [Server thread/INFO]: Starting minecraft server version 1.14.4
[01:08:08] [Server thread/INFO]: Loading properties
[01:08:08] [Server thread/INFO]: Default game type: SURVIVAL
[01:08:08] [Server thread/INFO]: Generating keypair
[01:08:08] [Server thread/INFO]: Starting Minecraft server on *:25565
[01:08:08] [Server thread/INFO]: Using default channel type
[01:08:09] [Server thread/WARN]: **** SERVER IS RUNNING IN OFFLINE/INSECURE MODE!
[01:08:09] [Server thread/WARN]: The server will make no attempt to authenticate usernames. Beware.
[01:08:09] [Server thread/WARN]: While this makes the game possible to play without internet access, it also opens up the ability for hackers to connect with any username they choose.
[01:08:09] [Server thread/WARN]: To change this, set "online-mode" to "true" in the server.properties file.
[01:08:09] [Server thread/INFO]: Preparing level "world"
[01:08:09] [Server thread/INFO]: Reloading ResourceManager: Default
[01:08:11] [Server thread/INFO]: Loaded 6 recipes
[01:08:12] [Server thread/INFO]: Loaded 811 advancements
[01:08:37] [Server thread/INFO]: Preparing start region for dimension minecraft:overworld
[01:08:39] [Server thread/INFO]: Preparing spawn area: 0%
[01:08:39] [Server thread/INFO]: Preparing spawn area: 0%
[01:08:39] [Server thread/INFO]: Preparing spawn area: 0%
[01:08:39] [Server thread/INFO]: Preparing spawn area: 0%
[01:08:39] [Server thread/INFO]: Preparing spawn area: 0%
[01:08:39] [Server-Worker-1/INFO]: Preparing spawn area: 0%
[01:08:40] [Server thread/INFO]: Preparing spawn area: 0%
[01:08:40] [Server thread/INFO]: Time elapsed: 3673 ms
[01:08:40] [Server thread/INFO]: Done (31.426s)! For help, type "help"
[01:10:38] [Server thread/INFO]: IpTul[/0:0:0:0:0:0:0:1:64602] logged in with entity id 220 at (-99.5, 69.0, -239.5)
[01:10:38] [Server thread/INFO]: IpTul joined the game
[01:11:56] [Server thread/WARN]: Keeping entity minecraft:sheep that already exists with UUID 8015ec48-2e7b-44be-bcda-84b9b609200e
[01:11:56] [Server thread/WARN]: Keeping entity minecraft:chicken that already exists with UUID ffe32f73-d31b-4136-a3bf-39f7deda324e
[01:11:56] [Server thread/WARN]: Keeping entity minecraft:chicken that already exists with UUID 1afc139f-aa79-45e2-9a76-17aae7326c3c
[01:13:43] [Server thread/WARN]: Can't keep up! Is the server overloaded? Running 3201ms or 64 ticks behind
[01:15:51] [Server thread/INFO]: Unknown command
[01:15:51] [Server thread/INFO]: tps<--[HERE]
[01:15:54] [Server thread/INFO]: /advancement (grant|revoke)
[01:15:54] [Server thread/INFO]: /ban <targets> [<reason>]
[01:15:54] [Server thread/INFO]: /ban-ip <target> [<reason>]
[01:15:54] [Server thread/INFO]: /banlist [ips|players]
[01:15:54] [Server thread/INFO]: /bossbar (add|get|list|remove|set)
[01:15:54] [Server thread/INFO]: /clear [<targets>]
[01:15:54] [Server thread/INFO]: /clone <begin> <end> <destination> [filtered|masked|replace]
[01:15:54] [Server thread/INFO]: /data (get|merge|modify|remove)
[01:15:54] [Server thread/INFO]: /datapack (disable|enable|list)
[01:15:54] [Server thread/INFO]: /debug (report|start|stop)
[01:15:54] [Server thread/INFO]: /defaultgamemode (adventure|creative|spectator|survival)
[01:15:54] [Server thread/INFO]: /deop <targets>
[01:15:54] [Server thread/INFO]: /difficulty [easy|hard|normal|peaceful]
[01:15:54] [Server thread/INFO]: /effect (clear|give)
[01:15:54] [Server thread/INFO]: /enchant <targets> <enchantment> [<level>]
[01:15:54] [Server thread/INFO]: /execute (align|anchored|as|at|facing|if|in|positioned|rotated|run|store|unless)
[01:15:54] [Server thread/INFO]: /experience (add|query|set)
[01:15:54] [Server thread/INFO]: /fill <from> <to> <block> [destroy|hollow|keep|outline|replace]
[01:15:54] [Server thread/INFO]: /forceload (add|query|remove)
[01:15:54] [Server thread/INFO]: /function <name>
[01:15:54] [Server thread/INFO]: /gamemode (adventure|creative|spectator|survival)
[01:15:54] [Server thread/INFO]: /gamerule (announceAdvancements|commandBlockOutput|disableElytraMovementCheck|disableRaids|doDaylightCycle|doEntityDrops|doFireTick|doLimitedCrafting|doMobLoot|doMobSpawning|doTileDrops|doWeatherCycle|keepInventory|logAdminCommands|maxCommandChainLength|maxEntityCramming|mobGriefing|naturalRegeneration|randomTickSpeed|reducedDebugInfo|sendCommandFeedback|showDeathMessages|spawnRadius|spectatorsGenerateChunks)
[01:15:54] [Server thread/INFO]: /give <targets> <item> [<count>]
[01:15:54] [Server thread/INFO]: /help [<command>]
[01:15:54] [Server thread/INFO]: /kick <targets> [<reason>]
[01:15:54] [Server thread/INFO]: /kill <targets>
[01:15:54] [Server thread/INFO]: /list [uuids]
[01:15:54] [Server thread/INFO]: /locate (Buried_Treasure|Desert_Pyramid|EndCity|Fortress|Igloo|Jungle_Pyramid|Mansion|Mineshaft|Monument|Ocean_Ruin|Pillager_Outpost|Shipwreck|Stronghold|Swamp_Hut|Village)
[01:15:54] [Server thread/INFO]: /loot (give|insert|replace|spawn)
[01:15:54] [Server thread/INFO]: /me <action>
[01:15:54] [Server thread/INFO]: /msg <targets> <message>
[01:15:54] [Server thread/INFO]: /op <targets>
[01:15:54] [Server thread/INFO]: /pardon <targets>
[01:15:54] [Server thread/INFO]: /pardon-ip <target>
[01:15:54] [Server thread/INFO]: /particle <name> [<pos>]
[01:15:54] [Server thread/INFO]: /playsound <sound> (ambient|block|hostile|master|music|neutral|player|record|voice|weather)
[01:15:54] [Server thread/INFO]: /recipe (give|take)
[01:15:54] [Server thread/INFO]: /reload
[01:15:54] [Server thread/INFO]: /replaceitem (block|entity)
[01:15:54] [Server thread/INFO]: /save-all [flush]
[01:15:54] [Server thread/INFO]: /save-off
[01:15:54] [Server thread/INFO]: /save-on
[01:15:54] [Server thread/INFO]: /say <message>
[01:15:54] [Server thread/INFO]: /schedule function <function> <time>
[01:15:54] [Server thread/INFO]: /scoreboard (objectives|players)
[01:15:54] [Server thread/INFO]: /seed
[01:15:54] [Server thread/INFO]: /setblock <pos> <block> [destroy|keep|replace]
[01:15:54] [Server thread/INFO]: /setidletimeout <minutes>
[01:15:54] [Server thread/INFO]: /setworldspawn [<pos>]
[01:15:54] [Server thread/INFO]: /spawnpoint [<targets>]
[01:15:54] [Server thread/INFO]: /spreadplayers <center> <spreadDistance> <maxRange> <respectTeams> <targets>
[01:15:54] [Server thread/INFO]: /stop
[01:15:54] [Server thread/INFO]: /stopsound <targets> [*|ambient|block|hostile|master|music|neutral|player|record|voice|weather]
[01:15:54] [Server thread/INFO]: /summon <entity> [<pos>]
[01:15:54] [Server thread/INFO]: /tag <targets> (add|list|remove)
[01:15:54] [Server thread/INFO]: /team (add|empty|join|leave|list|modify|remove)
[01:15:54] [Server thread/INFO]: /teammsg <message>
[01:15:54] [Server thread/INFO]: /teleport (<destination>|<location>|<targets>)
[01:15:54] [Server thread/INFO]: /tell -> msg
[01:15:54] [Server thread/INFO]: /tellraw <targets> <message>
[01:15:54] [Server thread/INFO]: /time (add|query|set)
[01:15:54] [Server thread/INFO]: /title <targets> (actionbar|clear|reset|subtitle|times|title)
[01:15:54] [Server thread/INFO]: /tm -> teammsg
[01:15:54] [Server thread/INFO]: /tp -> teleport
[01:15:54] [Server thread/INFO]: /trigger <objective> [add|set]
[01:15:54] [Server thread/INFO]: /w -> msg
[01:15:54] [Server thread/INFO]: /weather (clear|rain|thunder)
[01:15:54] [Server thread/INFO]: /whitelist (add|list|off|on|reload|remove)
[01:15:54] [Server thread/INFO]: /worldborder (add|center|damage|get|set|warning)
[01:15:54] [Server thread/INFO]: /xp -> experience
[01:16:30] [Server thread/INFO]: The nearest Ocean_Ruin is at [-480, ~, -400] (416 blocks away)
[01:16:43] [Server thread/INFO]: [Server] The nearest Ocean_Ruin is at [-480, ~, -400] (416 blocks away)
[01:16:53] [Server thread/INFO]: <IpTul> apa itu
[01:17:00] [Server thread/INFO]: [Server] water temple
[01:17:09] [Server thread/INFO]: <IpTul> kok km dpt
[01:17:23] [Server thread/INFO]: [Server] kan di server bisa nyari yg gituan :v
[01:17:32] [Server thread/INFO]: <IpTul> ih bru tau aku
